<?xml version="1.0" encoding="UTF-8"?>
<!-- Generated by org.testng.reporters.JUnitXMLReporter -->
<testsuite ignored="0" hostname="IrappaH-LP" failures="0" tests="4" name="Test" time="23.613" errors="0" timestamp="2026-03-23T16:47:24 IST">
  <testcase classname="com.example.LoginTest" name="AddNum" time="5.962"/>
  <testcase classname="com.example.LoginTest" name="Calcwer" time="0.423"/>
  <testcase classname="com.example.LoginTest" name="Calc" time="0.162"/>
  <testcase classname="com.example.LoginTest" name="CalcTest" time="0.002"/>
</testsuite> <!-- Test -->
