<?xml version="1.0" encoding="UTF-8"?>
<testng-results ignored="0" total="3" passed="3" failed="0" skipped="0">
  <reporter-output>
  </reporter-output>
  <suite started-at="2026-03-22T22:09:22 IST" name="Suite" finished-at="2026-03-22T22:09:46 IST" duration-ms="23626">
    <groups>
    </groups>
    <test started-at="2026-03-22T22:09:22 IST" name="Test" finished-at="2026-03-22T22:09:46 IST" duration-ms="23626">
      <class name="com.example.LoginTest">
        <test-method is-config="true" signature="setupReport()[pri:0, instance:com.example.LoginTest@1c5920df]" started-at="2026-03-22T22:09:21 IST" name="setupReport" finished-at="2026-03-22T22:09:22 IST" duration-ms="730" status="PASS">
          <reporter-output>
          </reporter-output>
        </test-method> <!-- setupReport -->
        <test-method is-config="true" signature="LaunchAndroidApp()[pri:0, instance:com.example.LoginTest@1c5920df]" started-at="2026-03-22T22:09:22 IST" name="LaunchAndroidApp" finished-at="2026-03-22T22:09:39 IST" duration-ms="16876" status="PASS">
          <reporter-output>
          </reporter-output>
        </test-method> <!-- LaunchAndroidApp -->
        <test-method signature="AddNum()[pri:0, instance:com.example.LoginTest@1c5920df]" started-at="2026-03-22T22:09:39 IST" name="AddNum" finished-at="2026-03-22T22:09:44 IST" duration-ms="5454" status="PASS">
          <reporter-output>
          </reporter-output>
        </test-method> <!-- AddNum -->
        <test-method signature="Calc()[pri:0, instance:com.example.LoginTest@1c5920df]" started-at="2026-03-22T22:09:44 IST" name="Calc" finished-at="2026-03-22T22:09:44 IST" duration-ms="4" status="PASS">
          <reporter-output>
          </reporter-output>
        </test-method> <!-- Calc -->
        <test-method signature="Calcwer()[pri:0, instance:com.example.LoginTest@1c5920df]" started-at="2026-03-22T22:09:44 IST" name="Calcwer" finished-at="2026-03-22T22:09:44 IST" duration-ms="3" status="PASS">
          <reporter-output>
          </reporter-output>
        </test-method> <!-- Calcwer -->
        <test-method is-config="true" signature="tearDown()[pri:0, instance:com.example.LoginTest@1c5920df]" started-at="2026-03-22T22:09:44 IST" name="tearDown" finished-at="2026-03-22T22:09:46 IST" duration-ms="1204" status="PASS">
          <reporter-output>
          </reporter-output>
        </test-method> <!-- tearDown -->
        <test-method is-config="true" signature="tearDownReport()[pri:0, instance:com.example.LoginTest@1c5920df]" started-at="2026-03-22T22:09:46 IST" name="tearDownReport" finished-at="2026-03-22T22:09:47 IST" duration-ms="822" status="PASS">
          <reporter-output>
          </reporter-output>
        </test-method> <!-- tearDownReport -->
      </class> <!-- com.example.LoginTest -->
    </test> <!-- Test -->
  </suite> <!-- Suite -->
</testng-results>
