<?xml version="1.0" encoding="UTF-8"?>
<!-- Generated by org.testng.reporters.JUnitReportReporter -->
<testsuite hostname="IrappaH-LP" failures="0" tests="3" name="com.example.LoginTest" time="5.461" errors="0" timestamp="2026-03-22T22:09:47 IST" skipped="0">
  <testcase classname="com.example.LoginTest" name="AddNum" time="5.454"/>
  <system-out/>
  <testcase classname="com.example.LoginTest" name="Calcwer" time="0.003"/>
  <system-out/>
  <testcase classname="com.example.LoginTest" name="Calc" time="0.004"/>
  <system-out/>
</testsuite> <!-- com.example.LoginTest -->
