<?xml version="1.0" encoding="UTF-8"?>
<!-- Generated by org.testng.reporters.JUnitReportReporter -->
<testsuite hostname="IrappaH-LP" failures="0" tests="4" name="com.example.LoginTest" time="6.549" errors="0" timestamp="2026-03-23T16:47:25 IST" skipped="0">
  <testcase classname="com.example.LoginTest" name="AddNum" time="5.962"/>
  <system-out/>
  <testcase classname="com.example.LoginTest" name="Calcwer" time="0.423"/>
  <system-out/>
  <testcase classname="com.example.LoginTest" name="Calc" time="0.162"/>
  <system-out/>
  <testcase classname="com.example.LoginTest" name="CalcTest" time="0.002"/>
  <system-out/>
</testsuite> <!-- com.example.LoginTest -->
